6/6/2018 11:09:06 AM	This log contains information about the import schema operation into project 'SkillsetDatabase-SSDT' on computer 'VMINTPRS11047' by user 'alverer'.
6/6/2018 11:09:07 AM	Import of database schema has started.
6/6/2018 11:09:25 AM	Gathering database credentials
6/6/2018 11:09:25 AM	Gathering database options
6/6/2018 11:09:25 AM	Gathering users
6/6/2018 11:09:25 AM	Gathering roles
6/6/2018 11:09:25 AM	Gathering application roles
6/6/2018 11:09:25 AM	Gathering role memberships
6/6/2018 11:09:25 AM	Gathering filegroups
6/6/2018 11:09:25 AM	Gathering full-text catalogs
6/6/2018 11:09:25 AM	Gathering assemblies
6/6/2018 11:09:25 AM	Gathering certificates
6/6/2018 11:09:25 AM	Gathering asymmetric keys
6/6/2018 11:09:25 AM	Gathering symmetric keys
6/6/2018 11:09:25 AM	Gathering encrypted symmetric keys
6/6/2018 11:09:25 AM	Gathering schemas
6/6/2018 11:09:25 AM	Gathering XML schema collections
6/6/2018 11:09:25 AM	Gathering user-defined data types
6/6/2018 11:09:25 AM	Gathering user-defined types
6/6/2018 11:09:25 AM	Gathering table types
6/6/2018 11:09:25 AM	Gathering unique keys for table types
6/6/2018 11:09:25 AM	Gathering primary keys for table types
6/6/2018 11:09:25 AM	Gathering indexes for table types
6/6/2018 11:09:25 AM	Gathering check constraints for table types
6/6/2018 11:09:25 AM	Gathering default constraints for table types
6/6/2018 11:09:25 AM	Gathering partition functions
6/6/2018 11:09:25 AM	Gathering partition schemes
6/6/2018 11:09:25 AM	Gathering functions
6/6/2018 11:09:25 AM	Gathering encrypted functions
6/6/2018 11:09:25 AM	Gathering aggregates
6/6/2018 11:09:25 AM	Gathering procedures
6/6/2018 11:09:25 AM	Gathering encrypted procedures
6/6/2018 11:09:25 AM	Gathering tables
6/6/2018 11:09:25 AM	Gathering primary keys
6/6/2018 11:09:25 AM	Gathering unique constraints
6/6/2018 11:09:25 AM	Gathering foreign keys
6/6/2018 11:09:25 AM	Gathering default constraints
6/6/2018 11:09:25 AM	Gathering check constraints
6/6/2018 11:09:25 AM	Gathering views
6/6/2018 11:09:25 AM	Gathering encrypted views
6/6/2018 11:09:25 AM	Gathering indexes
6/6/2018 11:09:25 AM	Gathering statistics
6/6/2018 11:09:25 AM	Gathering full-text index stoplists
6/6/2018 11:09:25 AM	Gathering search property lists
6/6/2018 11:09:25 AM	Gathering search properties
6/6/2018 11:09:25 AM	Gathering full-text indexes
6/6/2018 11:09:25 AM	Gathering column store indexes
6/6/2018 11:09:25 AM	Gathering spatial indexes
6/6/2018 11:09:25 AM	Gathering XML indexes
6/6/2018 11:09:25 AM	Gathering Selective XML indexes
6/6/2018 11:09:32 AM	Gathering encrypted triggers
6/6/2018 11:09:32 AM	Gathering triggers
6/6/2018 11:09:32 AM	Gathering encrypted and clr ddl triggers
6/6/2018 11:09:32 AM	Gathering ddl triggers
6/6/2018 11:09:32 AM	Gathering synonyms
6/6/2018 11:09:32 AM	Gathering defaults
6/6/2018 11:09:32 AM	Gathering data constraint uddt bindings
6/6/2018 11:09:32 AM	Gathering rules
6/6/2018 11:09:32 AM	Gathering data constraint uddt bindings
6/6/2018 11:09:32 AM	Gathering message types
6/6/2018 11:09:32 AM	Gathering queues
6/6/2018 11:09:32 AM	Gathering contracts
6/6/2018 11:09:32 AM	Gathering services
6/6/2018 11:09:32 AM	Gathering event notifications
6/6/2018 11:09:32 AM	Gathering remote service bindings
6/6/2018 11:09:32 AM	Gathering broker priorities
6/6/2018 11:09:32 AM	Gathering signatures
6/6/2018 11:09:32 AM	Gathering data compression options
6/6/2018 11:09:32 AM	Gathering sequence types
6/6/2018 11:09:32 AM	Gathering security policies
6/6/2018 11:09:32 AM	Gather column encryption keys
6/6/2018 11:09:32 AM	Gathering column master keys
6/6/2018 11:09:32 AM	Gathering external data sources
6/6/2018 11:09:32 AM	Gathering external file formats
6/6/2018 11:09:32 AM	Gathering external tables
6/6/2018 11:09:32 AM	Gathering extended properties
6/6/2018 11:09:33 AM	Gathering credentials
6/6/2018 11:09:33 AM	Gathering logins
6/6/2018 11:09:33 AM	Gathering server audits
6/6/2018 11:09:33 AM	Scanning project for duplicate elements
6/6/2018 11:09:33 AM	Finished duplicate element processing
6/6/2018 11:09:33 AM	Finished importing database.
6/6/2018 11:09:33 AM	A summary of the import was saved to the following location: C:\Users\alverer\Documents\GitHub\Proto01_new\app\SkillsetDatabase-SSDT\Import Schema Logs\SkillsetDatabase-SSD_20180606030906.log
6/6/2018 11:09:33 AM	Click Finish to continue...
