6/13/2018 4:45:02 PM	This log contains information about the import schema operation into project 'SSET_SSDT' on computer 'VMINTPRS11047' by user 'alverer'.
6/13/2018 4:45:02 PM	Import of database schema has started.
6/13/2018 4:45:08 PM	Gathering database credentials
6/13/2018 4:45:08 PM	Gathering database options
6/13/2018 4:45:08 PM	Gathering users
6/13/2018 4:45:08 PM	Gathering roles
6/13/2018 4:45:08 PM	Gathering application roles
6/13/2018 4:45:08 PM	Gathering role memberships
6/13/2018 4:45:08 PM	Gathering filegroups
6/13/2018 4:45:08 PM	Gathering full-text catalogs
6/13/2018 4:45:08 PM	Gathering assemblies
6/13/2018 4:45:08 PM	Gathering certificates
6/13/2018 4:45:08 PM	Gathering asymmetric keys
6/13/2018 4:45:08 PM	Gathering symmetric keys
6/13/2018 4:45:08 PM	Gathering encrypted symmetric keys
6/13/2018 4:45:08 PM	Gathering schemas
6/13/2018 4:45:08 PM	Gathering XML schema collections
6/13/2018 4:45:08 PM	Gathering user-defined data types
6/13/2018 4:45:08 PM	Gathering user-defined types
6/13/2018 4:45:08 PM	Gathering table types
6/13/2018 4:45:08 PM	Gathering unique keys for table types
6/13/2018 4:45:08 PM	Gathering primary keys for table types
6/13/2018 4:45:08 PM	Gathering indexes for table types
6/13/2018 4:45:08 PM	Gathering check constraints for table types
6/13/2018 4:45:08 PM	Gathering default constraints for table types
6/13/2018 4:45:08 PM	Gathering partition functions
6/13/2018 4:45:08 PM	Gathering partition schemes
6/13/2018 4:45:08 PM	Gathering functions
6/13/2018 4:45:08 PM	Gathering encrypted functions
6/13/2018 4:45:08 PM	Gathering aggregates
6/13/2018 4:45:08 PM	Gathering procedures
6/13/2018 4:45:08 PM	Gathering encrypted procedures
6/13/2018 4:45:08 PM	Gathering tables
6/13/2018 4:45:08 PM	Gathering primary keys
6/13/2018 4:45:08 PM	Gathering unique constraints
6/13/2018 4:45:08 PM	Gathering foreign keys
6/13/2018 4:45:08 PM	Gathering default constraints
6/13/2018 4:45:08 PM	Gathering check constraints
6/13/2018 4:45:08 PM	Gathering views
6/13/2018 4:45:08 PM	Gathering encrypted views
6/13/2018 4:45:08 PM	Gathering indexes
6/13/2018 4:45:08 PM	Gathering statistics
6/13/2018 4:45:08 PM	Gathering full-text index stoplists
6/13/2018 4:45:08 PM	Gathering search property lists
6/13/2018 4:45:08 PM	Gathering search properties
6/13/2018 4:45:08 PM	Gathering full-text indexes
6/13/2018 4:45:08 PM	Gathering column store indexes
6/13/2018 4:45:08 PM	Gathering spatial indexes
6/13/2018 4:45:08 PM	Gathering XML indexes
6/13/2018 4:45:08 PM	Gathering Selective XML indexes
6/13/2018 4:45:08 PM	Gathering encrypted triggers
6/13/2018 4:45:08 PM	Gathering triggers
6/13/2018 4:45:08 PM	Gathering encrypted and clr ddl triggers
6/13/2018 4:45:08 PM	Gathering ddl triggers
6/13/2018 4:45:08 PM	Gathering synonyms
6/13/2018 4:45:08 PM	Gathering defaults
6/13/2018 4:45:08 PM	Gathering data constraint uddt bindings
6/13/2018 4:45:08 PM	Gathering rules
6/13/2018 4:45:08 PM	Gathering data constraint uddt bindings
6/13/2018 4:45:08 PM	Gathering message types
6/13/2018 4:45:08 PM	Gathering queues
6/13/2018 4:45:08 PM	Gathering contracts
6/13/2018 4:45:08 PM	Gathering services
6/13/2018 4:45:08 PM	Gathering event notifications
6/13/2018 4:45:08 PM	Gathering remote service bindings
6/13/2018 4:45:08 PM	Gathering broker priorities
6/13/2018 4:45:08 PM	Gathering signatures
6/13/2018 4:45:08 PM	Gathering data compression options
6/13/2018 4:45:08 PM	Gathering sequence types
6/13/2018 4:45:08 PM	Gathering security policies
6/13/2018 4:45:08 PM	Gather column encryption keys
6/13/2018 4:45:08 PM	Gathering column master keys
6/13/2018 4:45:08 PM	Gathering external data sources
6/13/2018 4:45:08 PM	Gathering external file formats
6/13/2018 4:45:08 PM	Gathering external tables
6/13/2018 4:45:08 PM	Gathering extended properties
6/13/2018 4:45:08 PM	Gathering credentials
6/13/2018 4:45:08 PM	Gathering logins
6/13/2018 4:45:08 PM	Gathering server audits
6/13/2018 4:45:09 PM	Scanning project for duplicate elements
6/13/2018 4:45:09 PM	Finished duplicate element processing
6/13/2018 4:45:09 PM	Finished importing database.
6/13/2018 4:45:09 PM	A summary of the import was saved to the following location: C:\Users\alverer\Documents\GitHub\Proto01_new\app\SSET_SSDT\Import Schema Logs\SSET_SSDT_20180613084502.log
6/13/2018 4:45:09 PM	Click Finish to continue...
